Sat Mar 21 05:47:43 PM WIB 2026
Amount of screenshots taken: 4
Average time between screenshots: 4m 46s
Largest gap: 6m 12s
Smallest gap: 3m 3s

----------
Sun Mar 22 04:19:47 AM WIB 2026
----------
Amount of screenshots taken: 124
Average time between screenshots: 4m 58s
Largest gap: 8m 21s
Smallest gap: 1m 14s

----------
Sun Mar 22 06:19:56 PM WIB 2026
----------
Amount of screenshots taken: 51
Average time between screenshots: 4m 57s
Largest gap: 8m 1s
Smallest gap: 2m 13s
----------
Mon Mar 23 02:00:52 AM WIB 2026
----------
Amount of screenshots taken: 44
Average time between screenshots: 5m 2s
Largest gap: 8m 32s
Smallest gap: 1m 56s
----------
Tue Mar 24 12:16:32 AM WIB 2026
----------
Amount of screenshots taken: 102
Average time between screenshots: 4m 59s
Largest gap: 8m 35s
Smallest gap: 1m 17s
----------
Tue Mar 24 03:30:54 PM WIB 2026
----------
Amount of screenshots taken: 15
Average time between screenshots: 5m 3s
Largest gap: 7m 57s
Smallest gap: 2m 43s
----------
----------
Thu Mar 26 03:04:03 AM WIB 2026
----------
Amount of screenshots taken: 55
Average time between screenshots: 4m 59s
Largest gap: 8m 33s
Smallest gap: 1m 53s
----------
----------
Thu Mar 26 05:23:51 AM WIB 2026
----------
Amount of screenshots taken: 15
Average time between screenshots: 4m 50s
Largest gap: 7m 55s
Smallest gap: 1m 59s
----------
----------
Fri Mar 27 02:09:21 AM WIB 2026
----------
Amount of screenshots taken: 39
Average time between screenshots: 4m 56s
Largest gap: 8m 18s
Smallest gap: 1m 15s
----------
----------
Fri Mar 27 05:26:31 AM WIB 2026
----------
Amount of screenshots taken: 31
Average time between screenshots: 4m 55s
Largest gap: 7m 23s
Smallest gap: 1m 49s
----------
----------
Fri Mar 27 07:08:14 PM WIB 2026
----------
Amount of screenshots taken: 5
Average time between screenshots: 4m 47s
Largest gap: 6m 10s
Smallest gap: 3m 58s
----------
----------
Sat Mar 28 02:21:31 AM WIB 2026
----------
Amount of screenshots taken: 34
Average time between screenshots: 4m 59s
Largest gap: 7m 42s
Smallest gap: 1m 53s
----------
----------
Sun Mar 29 01:51:31 AM WIB 2026
----------
Amount of screenshots taken: 91
Average time between screenshots: 4m 59s
Largest gap: 8m 50s
Smallest gap: 1m 15s
----------
----------
Mon Mar 30 01:21:32 AM WIB 2026
----------
Amount of screenshots taken: 87
Average time between screenshots: 4m 58s
Largest gap: 7m 59s
Smallest gap: 1m 31s
----------
----------
Mon Mar 30 09:46:14 PM WIB 2026
----------
No screenshots taken this session
----------
----------
Mon Mar 30 10:46:33 PM WIB 2026
----------
Amount of screenshots taken: 12
Average time between screenshots: 5m 0s
Largest gap: 7m 37s
Smallest gap: 3m 0s
----------
----------
Wed Apr  1 01:06:32 AM WIB 2026
----------
Amount of screenshots taken: 84
Average time between screenshots: 4m 59s
Largest gap: 8m 47s
Smallest gap: 1m 17s
----------
----------
Thu Apr  2 12:41:31 AM WIB 2026
----------
Amount of screenshots taken: 80
Average time between screenshots: 4m 57s
Largest gap: 8m 31s
Smallest gap: 0m 44s
----------
----------
Fri Apr  3 05:16:32 AM WIB 2026
----------
Amount of screenshots taken: 74
Average time between screenshots: 4m 57s
Largest gap: 8m 17s
Smallest gap: 1m 34s
----------
----------
Sat Apr  4 05:01:32 AM WIB 2026
----------
Amount of screenshots taken: 64
Average time between screenshots: 4m 57s
Largest gap: 8m 25s
Smallest gap: 1m 59s
----------
----------
Sun Apr  5 04:48:49 AM WIB 2026
----------
Amount of screenshots taken: 25
Average time between screenshots: 4m 59s
Largest gap: 7m 52s
Smallest gap: 2m 18s
----------
----------
Tue Apr  7 02:06:32 AM WIB 2026
----------
Amount of screenshots taken: 36
Average time between screenshots: 5m 2s
Largest gap: 8m 18s
Smallest gap: 2m 2s
----------
----------
Wed Apr  8 12:52:07 AM WIB 2026
----------
Amount of screenshots taken: 8
Average time between screenshots: 4m 47s
Largest gap: 6m 31s
Smallest gap: 2m 27s
----------
----------
Wed Apr  8 11:40:52 PM WIB 2026
----------
Amount of screenshots taken: 21
Average time between screenshots: 4m 59s
Largest gap: 7m 31s
Smallest gap: 2m 23s
----------
----------
Thu Apr  9 05:39:01 AM WIB 2026
----------
Amount of screenshots taken: 71
Average time between screenshots: 4m 58s
Largest gap: 8m 19s
Smallest gap: 1m 39s
----------
----------
Fri Apr 10 02:41:31 AM WIB 2026
----------
Amount of screenshots taken: 35
Average time between screenshots: 5m 0s
Largest gap: 8m 27s
Smallest gap: 2m 19s
----------
